#
# A fatal error has been detected by the Java Runtime Environment:
#
#  EXCEPTION_ACCESS_VIOLATION (0xc0000005) at pc=0x777e294f, pid=4848, tid=0x0000079c
#
# JRE version: Java(TM) SE Runtime Environment (8.0_131-b11) (build 1.8.0_131-b11)
# Java VM: Java HotSpot(TM) Client VM (25.131-b11 mixed mode windows-x86 )
# Problematic frame:
# C  [ntdll.dll+0x5294f]
#
# Failed to write core dump. Minidumps are not enabled by default on client versions of Windows
#
# If you would like to submit a bug report, please visit:
#   http://bugreport.java.com/bugreport/crash.jsp
# The crash happened outside the Java Virtual Machine in native code.
# See problematic frame for where to report the bug.
#

---------------  T H R E A D  ---------------

Current thread (0x14af4c00):  JavaThread "JavaFX Application Thread" [_thread_in_native, id=1948, stack(0x16e60000,0x16eb0000)]

siginfo: ExceptionCode=0xc0000005, reading address 0x4c27b58e

Registers:
EAX=0x1e1895b0, EBX=0x209c4c18, ECX=0x00400000, EDX=0x209c4c18
ESP=0x16eae39c, EBP=0x16eae3d0, ESI=0x4c27b58a, EDI=0x209c4c10
EIP=0x777e294f, EFLAGS=0x00010202

Top of Stack: (sp=0x16eae39c)
0x16eae39c:   00000000 00400000 209c4c18 5802ecfa
0x16eae3ac:   00400000 00000000 206e9e00 16eae3d8
0x16eae3bc:   6e8950a2 206e9e00 16eae468 16eae450
0x16eae3cc:   209c4c10 16eae3e8 777e2900 16eae450
0x16eae3dc:   16eae468 207c9e00 209c4c10 16eae3fc
0x16eae3ec:   75c1c5f4 00400000 00000000 209c4c18
0x16eae3fc:   16eae410 5802ecfa 00400000 00000000
0x16eae40c:   209c4c18 16eae420 6dead98a 209c4c18 

Instructions: (pc=0x777e294f)
0x777e292f:   7a f8 80 7f 07 05 0f 84 db f3 03 00 8b 07 8b f7
0x777e293f:   c1 ee 03 33 f0 33 35 dc 81 86 77 89 7d fc 33 f1
0x777e294f:   8b 46 04 89 45 f4 c6 47 07 80 c6 47 06 00 8b 5e
0x777e295f:   08 8b 4e 0c 89 5d e0 83 c3 01 89 4d e4 83 d1 01 


Register to memory mapping:

EAX=0x1e1895b0 is an unknown value
EBX=0x209c4c18 is an unknown value
ECX=0x00400000 is an unknown value
EDX=0x209c4c18 is an unknown value
ESP=0x16eae39c is pointing into the stack for thread: 0x14af4c00
EBP=0x16eae3d0 is pointing into the stack for thread: 0x14af4c00
ESI=0x4c27b58a is an unknown value
EDI=0x209c4c10 is an unknown value


Stack: [0x16e60000,0x16eb0000],  sp=0x16eae39c,  free space=312k
Native frames: (J=compiled Java code, j=interpreted, Vv=VM code, C=native code)
C  [ntdll.dll+0x5294f]
C  [ntdll.dll+0x52900]
C  [kernel32.dll+0x4c5f4]
C  [msvcr120.dll+0xecfa]
C  [jfxwebkit.dll+0x41d98a]
C  [jfxwebkit.dll+0x8c413d]
C  0x17f51e9d
C  [jfxwebkit.dll+0xbf87da]
C  [jfxwebkit.dll+0xbf8787]
C  [jfxwebkit.dll+0xbf8787]
C  [jfxwebkit.dll+0xbf8787]
C  0x172f3904
C  0x16cd30b4
C  [jfxwebkit.dll+0xbf405d]
C  [jfxwebkit.dll+0xbf9497]
C  [jfxwebkit.dll+0xbeccff]
C  [jfxwebkit.dll+0xa8d701]
C  [jfxwebkit.dll+0xa8d899]
C  [jfxwebkit.dll+0x13a48a]
C  [jfxwebkit.dll+0x13a151]
C  [jfxwebkit.dll+0x13a272]
C  [jfxwebkit.dll+0x41b2ae]
C  [jfxwebkit.dll+0x4906a5]
C  [jfxwebkit.dll+0x7447dc]
J 1794 C1 com.sun.webkit.Timer.fireTimerEvent(J)V (65 bytes) @ 0x0230d79c [0x0230d550+0x24c]
J 1793 C1 com.sun.webkit.Timer.notifyTick()V (29 bytes) @ 0x0230d274 [0x0230d150+0x124]
J 1791 C1 javafx.scene.web.WebEngine$PulseTimer$$Lambda$244.run()V (4 bytes) @ 0x0230ccfc [0x0230ccd0+0x2c]
J 1760 C1 com.sun.javafx.application.PlatformImpl$$Lambda$64.run()Ljava/lang/Object; (8 bytes) @ 0x023036f8 [0x023036d0+0x28]
v  ~StubRoutines::call_stub
V  [jvm.dll+0x15af45]
V  [jvm.dll+0x2213ae]
V  [jvm.dll+0x15afde]
V  [jvm.dll+0x10b2cf]
C  [java.dll+0x102f]
J 1820 C1 com.sun.javafx.application.PlatformImpl.lambda$runLater$174(Ljava/lang/Runnable;Ljava/security/AccessControlContext;)V (38 bytes) @ 0x02315d50 [0x02315cf0+0x60]
J 1757 C1 com.sun.javafx.application.PlatformImpl$$Lambda$63.run()V (12 bytes) @ 0x023030ec [0x023030c0+0x2c]
J 1705 C1 com.sun.glass.ui.InvokeLaterDispatcher$Future.run()V (91 bytes) @ 0x022f5b30 [0x022f5b00+0x30]
v  ~StubRoutines::call_stub
V  [jvm.dll+0x15af45]
V  [jvm.dll+0x2213ae]
V  [jvm.dll+0x15afde]
V  [jvm.dll+0xdcdcb]
V  [jvm.dll+0xdfd5c]
C  [glass.dll+0x46fc]

Java frames: (J=compiled Java code, j=interpreted, Vv=VM code)
J 1795  com.sun.webkit.Timer.twkFireTimerEvent()V (0 bytes) @ 0x0230df19 [0x0230dee0+0x39]
J 1794 C1 com.sun.webkit.Timer.fireTimerEvent(J)V (65 bytes) @ 0x0230d79c [0x0230d550+0x24c]
J 1793 C1 com.sun.webkit.Timer.notifyTick()V (29 bytes) @ 0x0230d274 [0x0230d150+0x124]
J 1791 C1 javafx.scene.web.WebEngine$PulseTimer$$Lambda$244.run()V (4 bytes) @ 0x0230ccfc [0x0230ccd0+0x2c]
J 1760 C1 com.sun.javafx.application.PlatformImpl$$Lambda$64.run()Ljava/lang/Object; (8 bytes) @ 0x023036f8 [0x023036d0+0x28]
v  ~StubRoutines::call_stub
J 616  java.security.AccessController.doPrivileged(Ljava/security/PrivilegedAction;Ljava/security/AccessControlContext;)Ljava/lang/Object; (0 bytes) @ 0x02122607 [0x021225a0+0x67]
J 1820 C1 com.sun.javafx.application.PlatformImpl.lambda$runLater$174(Ljava/lang/Runnable;Ljava/security/AccessControlContext;)V (38 bytes) @ 0x02315d50 [0x02315cf0+0x60]
J 1757 C1 com.sun.javafx.application.PlatformImpl$$Lambda$63.run()V (12 bytes) @ 0x023030ec [0x023030c0+0x2c]
J 1705 C1 com.sun.glass.ui.InvokeLaterDispatcher$Future.run()V (91 bytes) @ 0x022f5b30 [0x022f5b00+0x30]
v  ~StubRoutines::call_stub
j  com.sun.glass.ui.win.WinApplication._runLoop(Ljava/lang/Runnable;)V+0
j  com.sun.glass.ui.win.WinApplication.lambda$null$148(ILjava/lang/Runnable;)V+8
j  com.sun.glass.ui.win.WinApplication$$Lambda$51.run()V+12
j  java.lang.Thread.run()V+11
v  ~StubRoutines::call_stub

---------------  P R O C E S S  ---------------

Java Threads: ( => current thread )
  0x14af5800 JavaThread "URL-Loader-83" daemon [_thread_in_native, id=5280, stack(0x1d420000,0x1d470000)]
  0x14af9400 JavaThread "Thread-18" daemon [_thread_in_native, id=3748, stack(0x1d3a0000,0x1d3f0000)]
  0x14af6000 JavaThread "Prism Font Disposer" daemon [_thread_blocked, id=3860, stack(0x1b630000,0x1b680000)]
  0x14af2c00 JavaThread "Disposer" daemon [_thread_blocked, id=2152, stack(0x1a2a0000,0x1a2f0000)]
  0x14af3c00 JavaThread "Thread-15" daemon [_thread_in_native, id=1540, stack(0x17e60000,0x17eb0000)]
=>0x14af4c00 JavaThread "JavaFX Application Thread" [_thread_in_native, id=1948, stack(0x16e60000,0x16eb0000)]
  0x14af4800 JavaThread "Thread-13" daemon [_thread_blocked, id=2840, stack(0x17f60000,0x17fb0000)]
  0x14af4000 JavaThread "QuantumRenderer-0" daemon [_thread_blocked, id=5464, stack(0x173d0000,0x17420000)]
  0x157a8000 JavaThread "Java Sound Event Dispatcher" daemon [_thread_blocked, id=4104, stack(0x17bf0000,0x17c40000)]
  0x157a7400 JavaThread "Audio Player" daemon [_thread_blocked, id=5252, stack(0x16e10000,0x16e60000)]
  0x14a28800 JavaThread "TimerQueue" daemon [_thread_blocked, id=4312, stack(0x15350000,0x153a0000)]
  0x00c0d400 JavaThread "DestroyJavaVM" [_thread_blocked, id=3236, stack(0x00620000,0x00670000)]
  0x14a1e800 JavaThread "AWT-EventQueue-0" [_thread_blocked, id=1072, stack(0x14f30000,0x14f80000)]
  0x14a17c00 JavaThread "AWT-Windows" daemon [_thread_in_native, id=4956, stack(0x14cb0000,0x14d00000)]
  0x14a17400 JavaThread "AWT-Shutdown" [_thread_blocked, id=4560, stack(0x14e40000,0x14e90000)]
  0x14a15400 JavaThread "Java2D Disposer" daemon [_thread_blocked, id=1636, stack(0x14df0000,0x14e40000)]
  0x00e47000 JavaThread "Service Thread" daemon [_thread_blocked, id=5808, stack(0x14640000,0x14690000)]
  0x00e24000 JavaThread "C1 CompilerThread0" daemon [_thread_blocked, id=5820, stack(0x145a0000,0x145f0000)]
  0x00e2c400 JavaThread "Attach Listener" daemon [_thread_blocked, id=5564, stack(0x14770000,0x147c0000)]
  0x00e2b400 JavaThread "Signal Dispatcher" daemon [_thread_blocked, id=4764, stack(0x146e0000,0x14730000)]
  0x00e05800 JavaThread "Finalizer" daemon [_thread_blocked, id=1328, stack(0x14460000,0x144b0000)]
  0x00de4400 JavaThread "Reference Handler" daemon [_thread_blocked, id=3200, stack(0x03fa0000,0x03ff0000)]

Other Threads:
  0x00dde000 VMThread [stack: 0x00d30000,0x00d80000] [id=5568]
  0x00e51c00 WatcherThread [stack: 0x00fe0000,0x01030000] [id=1280]

VM state:not at safepoint (normal execution)

VM Mutex/Monitor currently owned by a thread: None

Heap:
 def new generation   total 17344K, used 5989K [0x04000000, 0x052d0000, 0x09550000)
  eden space 15424K,  26% used [0x04000000, 0x043f9528, 0x04f10000)
  from space 1920K, 100% used [0x04f10000, 0x050f0000, 0x050f0000)
  to   space 1920K,   0% used [0x050f0000, 0x050f0000, 0x052d0000)
 tenured generation   total 38448K, used 28387K [0x09550000, 0x0badc000, 0x14000000)
   the space 38448K,  73% used [0x09550000, 0x0b108f90, 0x0b109000, 0x0badc000)
 Metaspace       used 19782K, capacity 20531K, committed 20608K, reserved 20864K

Card table byte_map: [0x00c10000,0x00ca0000] byte_map_base: 0x00bf0000

Polling page: 0x00380000

CodeCache: size=32768Kb used=3597Kb max_used=3948Kb free=29170Kb
 bounds [0x01fa0000, 0x02388000, 0x03fa0000]
 total_blobs=2490 nmethods=1981 adapters=437
 compilation: enabled

Compilation events (10 events):
Event: 359.536 Thread 0x00e24000 3358             com.sun.javafx.event.CompositeEventHandler$NormalEventHandlerRecord::handleBubblingEvent (11 bytes)
Event: 359.536 Thread 0x00e24000 nmethod 3358 0x021ae548 code [0x021ae650, 0x021ae6ec]
Event: 359.543 Thread 0x00e24000 3359             javafx.event.Event::consume (6 bytes)
Event: 359.544 Thread 0x00e24000 nmethod 3359 0x022bc348 code [0x022bc440, 0x022bc4c0]
Event: 360.106 Thread 0x00e24000 3360             java.util.ArrayList::remove (77 bytes)
Event: 360.107 Thread 0x00e24000 nmethod 3360 0x021ae108 code [0x021ae230, 0x021ae3d4]
Event: 360.397 Thread 0x00e24000 3361             java.util.WeakHashMap$Entry::<init> (24 bytes)
Event: 360.398 Thread 0x00e24000 nmethod 3361 0x022be648 code [0x022be740, 0x022be820]
Event: 361.053 Thread 0x00e24000 3362             java.util.WeakHashMap::put (162 bytes)
Event: 361.054 Thread 0x00e24000 nmethod 3362 0x0229e148 code [0x0229e290, 0x0229e600]

GC Heap History (10 events):
Event: 271.631 GC heap before
{Heap before GC invocations=46 (full 3):
 def new generation   total 17344K, used 17044K [0x04000000, 0x052d0000, 0x09550000)
  eden space 15424K, 100% used [0x04000000, 0x04f10000, 0x04f10000)
  from space 1920K,  84% used [0x050f0000, 0x05285308, 0x052d0000)
  to   space 1920K,   0% used [0x04f10000, 0x04f10000, 0x050f0000)
 tenured generation   total 38448K, used 23066K [0x09550000, 0x0badc000, 0x14000000)
   the space 38448K,  59% used [0x09550000, 0x0abd6af8, 0x0abd6c00, 0x0badc000)
 Metaspace       used 19683K, capacity 20402K, committed 20480K, reserved 20864K
Event: 271.638 GC heap after
Heap after GC invocations=47 (full 3):
 def new generation   total 17344K, used 1019K [0x04000000, 0x052d0000, 0x09550000)
  eden space 15424K,   0% used [0x04000000, 0x04000000, 0x04f10000)
  from space 1920K,  53% used [0x04f10000, 0x0500eda8, 0x050f0000)
  to   space 1920K,   0% used [0x050f0000, 0x050f0000, 0x052d0000)
 tenured generation   total 38448K, used 24015K [0x09550000, 0x0badc000, 0x14000000)
   the space 38448K,  62% used [0x09550000, 0x0acc3c00, 0x0acc3c00, 0x0badc000)
 Metaspace       used 19683K, capacity 20402K, committed 20480K, reserved 20864K
}
Event: 283.622 GC heap before
{Heap before GC invocations=47 (full 3):
 def new generation   total 17344K, used 16443K [0x04000000, 0x052d0000, 0x09550000)
  eden space 15424K, 100% used [0x04000000, 0x04f10000, 0x04f10000)
  from space 1920K,  53% used [0x04f10000, 0x0500eda8, 0x050f0000)
  to   space 1920K,   0% used [0x050f0000, 0x050f0000, 0x052d0000)
 tenured generation   total 38448K, used 24015K [0x09550000, 0x0badc000, 0x14000000)
   the space 38448K,  62% used [0x09550000, 0x0acc3c00, 0x0acc3c00, 0x0badc000)
 Metaspace       used 19751K, capacity 20469K, committed 20480K, reserved 20864K
Event: 283.629 GC heap after
Heap after GC invocations=48 (full 3):
 def new generation   total 17344K, used 1919K [0x04000000, 0x052d0000, 0x09550000)
  eden space 15424K,   0% used [0x04000000, 0x04000000, 0x04f10000)
  from space 1920K,  99% used [0x050f0000, 0x052cfff8, 0x052d0000)
  to   space 1920K,   0% used [0x04f10000, 0x04f10000, 0x050f0000)
 tenured generation   total 38448K, used 24685K [0x09550000, 0x0badc000, 0x14000000)
   the space 38448K,  64% used [0x09550000, 0x0ad6b490, 0x0ad6b600, 0x0badc000)
 Metaspace       used 19751K, capacity 20469K, committed 20480K, reserved 20864K
}
Event: 333.044 GC heap before
{Heap before GC invocations=48 (full 3):
 def new generation   total 17344K, used 17343K [0x04000000, 0x052d0000, 0x09550000)
  eden space 15424K, 100% used [0x04000000, 0x04f10000, 0x04f10000)
  from space 1920K,  99% used [0x050f0000, 0x052cfff8, 0x052d0000)
  to   space 1920K,   0% used [0x04f10000, 0x04f10000, 0x050f0000)
 tenured generation   total 38448K, used 24685K [0x09550000, 0x0badc000, 0x14000000)
   the space 38448K,  64% used [0x09550000, 0x0ad6b490, 0x0ad6b600, 0x0badc000)
 Metaspace       used 19761K, capacity 20491K, committed 20608K, reserved 20864K
Event: 333.052 GC heap after
Heap after GC invocations=49 (full 3):
 def new generation   total 17344K, used 1920K [0x04000000, 0x052d0000, 0x09550000)
  eden space 15424K,   0% used [0x04000000, 0x04000000, 0x04f10000)
  from space 1920K, 100% used [0x04f10000, 0x050f0000, 0x050f0000)
  to   space 1920K,   0% used [0x050f0000, 0x050f0000, 0x052d0000)
 tenured generation   total 38448K, used 26347K [0x09550000, 0x0badc000, 0x14000000)
   the space 38448K,  68% used [0x09550000, 0x0af0af98, 0x0af0b000, 0x0badc000)
 Metaspace       used 19761K, capacity 20491K, committed 20608K, reserved 20864K
}
Event: 336.643 GC heap before
{Heap before GC invocations=49 (full 3):
 def new generation   total 17344K, used 17344K [0x04000000, 0x052d0000, 0x09550000)
  eden space 15424K, 100% used [0x04000000, 0x04f10000, 0x04f10000)
  from space 1920K, 100% used [0x04f10000, 0x050f0000, 0x050f0000)
  to   space 1920K,   0% used [0x050f0000, 0x050f0000, 0x052d0000)
 tenured generation   total 38448K, used 26347K [0x09550000, 0x0badc000, 0x14000000)
   the space 38448K,  68% used [0x09550000, 0x0af0af98, 0x0af0b000, 0x0badc000)
 Metaspace       used 19773K, capacity 20499K, committed 20608K, reserved 20864K
Event: 336.648 GC heap after
Heap after GC invocations=50 (full 3):
 def new generation   total 17344K, used 1352K [0x04000000, 0x052d0000, 0x09550000)
  eden space 15424K,   0% used [0x04000000, 0x04000000, 0x04f10000)
  from space 1920K,  70% used [0x050f0000, 0x052420b8, 0x052d0000)
  to   space 1920K,   0% used [0x04f10000, 0x04f10000, 0x050f0000)
 tenured generation   total 38448K, used 26816K [0x09550000, 0x0badc000, 0x14000000)
   the space 38448K,  69% used [0x09550000, 0x0af802b8, 0x0af80400, 0x0badc000)
 Metaspace       used 19773K, capacity 20499K, committed 20608K, reserved 20864K
}
Event: 347.319 GC heap before
{Heap before GC invocations=50 (full 3):
 def new generation   total 17344K, used 16776K [0x04000000, 0x052d0000, 0x09550000)
  eden space 15424K, 100% used [0x04000000, 0x04f10000, 0x04f10000)
  from space 1920K,  70% used [0x050f0000, 0x052420b8, 0x052d0000)
  to   space 1920K,   0% used [0x04f10000, 0x04f10000, 0x050f0000)
 tenured generation   total 38448K, used 26816K [0x09550000, 0x0badc000, 0x14000000)
   the space 38448K,  69% used [0x09550000, 0x0af802b8, 0x0af80400, 0x0badc000)
 Metaspace       used 19773K, capacity 20499K, committed 20608K, reserved 20864K
Event: 347.325 GC heap after
Heap after GC invocations=51 (full 3):
 def new generation   total 17344K, used 1920K [0x04000000, 0x052d0000, 0x09550000)
  eden space 15424K,   0% used [0x04000000, 0x04000000, 0x04f10000)
  from space 1920K, 100% used [0x04f10000, 0x050f0000, 0x050f0000)
  to   space 1920K,   0% used [0x050f0000, 0x050f0000, 0x052d0000)
 tenured generation   total 38448K, used 28387K [0x09550000, 0x0badc000, 0x14000000)
   the space 38448K,  73% used [0x09550000, 0x0b108f90, 0x0b109000, 0x0badc000)
 Metaspace       used 19773K, capacity 20499K, committed 20608K, reserved 20864K
}

Deoptimization events (0 events):
No events

Internal exceptions (10 events):
Event: 272.062 Thread 0x14af4c00 Exception <a 'java/lang/ClassNotFoundException': sun/net/www/protocol/about/Handler> (0x040407f8) thrown at [C:\re\workspace\8-2-build-windows-i586-cygwin\jdk8u131\8869\hotspot\src\share\vm\classfile\systemDictionary.cpp, line 210]
Event: 272.063 Thread 0x14af4c00 Exception <a 'java/lang/ClassNotFoundException': sun/net/www/protocol/about/Handler> (0x04209590) thrown at [C:\re\workspace\8-2-build-windows-i586-cygwin\jdk8u131\8869\hotspot\src\share\vm\classfile\systemDictionary.cpp, line 210]
Event: 272.186 Thread 0x14af9400 Exception <a 'sun/nio/fs/WindowsException'> (0x042d66e8) thrown at [C:\re\workspace\8-2-build-windows-i586-cygwin\jdk8u131\8869\hotspot\src\share\vm\prims\jni.cpp, line 709]
Event: 272.423 Thread 0x15c16000 Implicit null exception at 0x020ee33c to 0x020ee357
Event: 272.423 Thread 0x15c16000 Exception <a 'java/lang/NullPointerException'> (0x045b9238) thrown at [C:\re\workspace\8-2-build-windows-i586-cygwin\jdk8u131\8869\hotspot\src\share\vm\runtime\sharedRuntime.cpp, line 605]
Event: 273.028 Thread 0x14af4c00 Exception <a 'java/lang/ClassNotFoundException': sun/net/www/protocol/about/Handler> (0x04a68cc8) thrown at [C:\re\workspace\8-2-build-windows-i586-cygwin\jdk8u131\8869\hotspot\src\share\vm\classfile\systemDictionary.cpp, line 210]
Event: 273.047 Thread 0x14af4c00 Exception <a 'java/lang/ClassNotFoundException': sun/net/www/protocol/about/Handler> (0x04aca320) thrown at [C:\re\workspace\8-2-build-windows-i586-cygwin\jdk8u131\8869\hotspot\src\share\vm\classfile\systemDictionary.cpp, line 210]
Event: 284.277 Thread 0x14af5400 Exception <a 'java/net/UnknownHostException': scontent.ffor9-1.fna.fbcdn.net> (0x040873d8) thrown at [C:\re\workspace\8-2-build-windows-i586-cygwin\jdk8u131\8869\hotspot\src\share\vm\prims\jni.cpp, line 735]
Event: 287.578 Thread 0x14af6800 Exception <a 'java/net/UnknownHostException': www.google.com.br> (0x043be538) thrown at [C:\re\workspace\8-2-build-windows-i586-cygwin\jdk8u131\8869\hotspot\src\share\vm\prims\jni.cpp, line 735]
Event: 360.076 Thread 0x14af4c00 Exception <a 'java/lang/ClassNotFoundException': sun/net/www/protocol/about/Handler> (0x04395e18) thrown at [C:\re\workspace\8-2-build-windows-i586-cygwin\jdk8u131\8869\hotspot\src\share\vm\classfile\systemDictionary.cpp, line 210]

Events (10 events):
Event: 358.921 Thread 0x00e24000 flushing nmethod 0x022b8588
Event: 358.921 Thread 0x00e24000 flushing nmethod 0x022b9848
Event: 359.536 Thread 0x00e24000 flushing nmethod 0x021adf88
Event: 359.537 Thread 0x00e24000 flushing nmethod 0x022bc2c8
Event: 359.537 Thread 0x00e24000 flushing nmethod 0x022be188
Event: 360.076 loading class sun/net/www/protocol/about/Handler
Event: 360.076 loading class sun/net/www/protocol/about/Handler done
Event: 360.076 loading class sun/net/www/protocol/about/Handler
Event: 360.076 loading class sun/net/www/protocol/about/Handler done
Event: 360.088 Thread 0x14af5800 Thread added: 0x14af5800


Dynamic libraries:
0x01090000 - 0x010c3000 	C:\Program Files\Java\jdk1.8.0_131\jre\bin\java.exe
0x77790000 - 0x778d2000 	C:\Windows\SYSTEM32\ntdll.dll
0x75bd0000 - 0x75ca5000 	C:\Windows\system32\kernel32.dll
0x75880000 - 0x758cb000 	C:\Windows\system32\KERNELBASE.dll
0x76360000 - 0x76401000 	C:\Windows\system32\ADVAPI32.dll
0x759d0000 - 0x75a7c000 	C:\Windows\system32\msvcrt.dll
0x779c0000 - 0x779d9000 	C:\Windows\SYSTEM32\sechost.dll
0x75d10000 - 0x75db2000 	C:\Windows\system32\RPCRT4.dll
0x76290000 - 0x76359000 	C:\Windows\system32\USER32.dll
0x77740000 - 0x7778e000 	C:\Windows\system32\GDI32.dll
0x778f0000 - 0x778fa000 	C:\Windows\system32\LPK.dll
0x75b30000 - 0x75bcd000 	C:\Windows\system32\USP10.dll
0x74520000 - 0x746be000 	C:\Windows\WinSxS\x86_microsoft.windows.common-controls_6595b64144ccf1df_6.0.7601.18837_none_41e855142bd5705d\COMCTL32.dll
0x77960000 - 0x779b7000 	C:\Windows\system32\SHLWAPI.dll
0x75b10000 - 0x75b2f000 	C:\Windows\system32\IMM32.DLL
0x774c0000 - 0x7758d000 	C:\Windows\system32\MSCTF.dll
0x58210000 - 0x582cf000 	C:\Program Files\Java\jdk1.8.0_131\jre\bin\msvcr100.dll
0x54180000 - 0x5454e000 	C:\Program Files\Java\jdk1.8.0_131\jre\bin\client\jvm.dll
0x62f30000 - 0x62f37000 	C:\Windows\system32\WSOCK32.dll
0x75cd0000 - 0x75d05000 	C:\Windows\system32\WS2_32.dll
0x778e0000 - 0x778e6000 	C:\Windows\system32\NSI.dll
0x73a90000 - 0x73ac2000 	C:\Windows\system32\WINMM.dll
0x74c20000 - 0x74c29000 	C:\Windows\system32\VERSION.dll
0x75cb0000 - 0x75cb5000 	C:\Windows\system32\PSAPI.DLL
0x741f0000 - 0x741fc000 	C:\Program Files\Java\jdk1.8.0_131\jre\bin\verify.dll
0x72230000 - 0x72251000 	C:\Program Files\Java\jdk1.8.0_131\jre\bin\java.dll
0x72210000 - 0x72223000 	C:\Program Files\Java\jdk1.8.0_131\jre\bin\zip.dll
0x76410000 - 0x7705c000 	C:\Windows\system32\SHELL32.dll
0x775e0000 - 0x7773d000 	C:\Windows\system32\ole32.dll
0x756a0000 - 0x756ab000 	C:\Windows\system32\profapi.dll
0x54030000 - 0x54175000 	C:\Program Files\Java\jdk1.8.0_131\jre\bin\awt.dll
0x77060000 - 0x770f1000 	C:\Windows\system32\OLEAUT32.dll
0x740c0000 - 0x74100000 	C:\Windows\system32\uxtheme.dll
0x73a50000 - 0x73a63000 	C:\Windows\system32\dwmapi.dll
0x755c0000 - 0x755cc000 	C:\Windows\system32\CRYPTBASE.dll
0x5da20000 - 0x5da59000 	C:\Program Files\Java\jdk1.8.0_131\jre\bin\fontmanager.dll
0x5be20000 - 0x5bee8000 	C:\Windows\system32\opengl32.dll
0x71880000 - 0x718a2000 	C:\Windows\system32\GLU32.dll
0x5d480000 - 0x5d567000 	C:\Windows\system32\DDRAW.dll
0x71820000 - 0x71826000 	C:\Windows\system32\DCIMAN32.dll
0x75e40000 - 0x75fdd000 	C:\Windows\system32\SETUPAPI.dll
0x75810000 - 0x75837000 	C:\Windows\system32\CFGMGR32.dll
0x759b0000 - 0x759c2000 	C:\Windows\system32\DEVOBJ.dll
0x72280000 - 0x72296000 	C:\Program Files\Java\jdk1.8.0_131\jre\bin\net.dll
0x75060000 - 0x7509c000 	C:\Windows\system32\mswsock.dll
0x75050000 - 0x75056000 	C:\Windows\System32\wship6.dll
0x74200000 - 0x7420f000 	C:\Program Files\Java\jdk1.8.0_131\jre\bin\nio.dll
0x60c80000 - 0x60cb2000 	C:\Program Files\Java\jdk1.8.0_131\jre\bin\t2k.dll
0x75a80000 - 0x75b03000 	C:\Windows\system32\CLBCatQ.DLL
0x737d0000 - 0x73901000 	C:\Windows\system32\WindowsCodecs.dll
0x75540000 - 0x7558c000 	C:\Windows\system32\apphelp.dll
0x64830000 - 0x648bf000 	C:\Program Files\Google\Drive\googledrivesync32.dll
0x647a0000 - 0x6482e000 	C:\Windows\WinSxS\x86_microsoft.vc90.crt_1fc8b3b9a1e18e3b_9.0.30729.6161_none_50934f2ebcb7eb57\MSVCP90.dll
0x70390000 - 0x70433000 	C:\Windows\WinSxS\x86_microsoft.vc90.crt_1fc8b3b9a1e18e3b_9.0.30729.6161_none_50934f2ebcb7eb57\MSVCR90.dll
0x64760000 - 0x64791000 	C:\Windows\system32\EhStorShell.dll
0x74330000 - 0x74425000 	C:\Windows\system32\PROPSYS.dll
0x661c0000 - 0x663dd000 	C:\PROGRA~1\MICROS~2\Office12\GR469A~1.DLL
0x68ef0000 - 0x68fe1000 	C:\PROGRA~1\MICROS~2\Office12\GrooveUtil.DLL
0x75fe0000 - 0x7628b000 	C:\Windows\system32\WININET.dll
0x75840000 - 0x75844000 	C:\Windows\system32\api-ms-win-downlevel-user32-l1-1-0.dll
0x759a0000 - 0x759a4000 	C:\Windows\system32\api-ms-win-downlevel-shlwapi-l1-1-0.dll
0x75800000 - 0x75804000 	C:\Windows\system32\api-ms-win-downlevel-version-l1-1-0.dll
0x758d0000 - 0x758d3000 	C:\Windows\system32\api-ms-win-downlevel-normaliz-l1-1-0.dll
0x75cc0000 - 0x75cc3000 	C:\Windows\system32\normaliz.DLL
0x77130000 - 0x77365000 	C:\Windows\system32\iertutil.dll
0x75900000 - 0x75905000 	C:\Windows\system32\api-ms-win-downlevel-advapi32-l1-1-0.dll
0x758e0000 - 0x758f7000 	C:\Windows\system32\USERENV.dll
0x756d0000 - 0x757f1000 	C:\Windows\system32\CRYPT32.dll
0x756b0000 - 0x756bc000 	C:\Windows\system32\MSASN1.dll
0x72a80000 - 0x72b1b000 	C:\Windows\WinSxS\x86_microsoft.vc80.crt_1fc8b3b9a1e18e3b_8.0.50727.6229_none_d089f796442de10e\MSVCR80.dll
0x68ff0000 - 0x68ff7000 	C:\PROGRA~1\MICROS~2\Office12\GrooveNew.DLL
0x64740000 - 0x6475b000 	C:\Windows\WinSxS\x86_microsoft.vc80.atl_1fc8b3b9a1e18e3b_8.0.50727.6229_none_d1c3b2e2435ad752\ATL80.DLL
0x750a0000 - 0x750b7000 	C:\Windows\system32\CRYPTSP.dll
0x74e30000 - 0x74e6b000 	C:\Windows\system32\rsaenh.dll
0x72bf0000 - 0x72bf5000 	C:\Windows\system32\MSImg32.dll
0x64680000 - 0x646ea000 	C:\Windows\System32\cscui.dll
0x64670000 - 0x64679000 	C:\Windows\System32\CSCDLL.dll
0x01080000 - 0x0108b000 	C:\Windows\system32\CSCAPI.dll
0x64600000 - 0x64670000 	C:\Windows\system32\ntshrui.dll
0x75360000 - 0x75379000 	C:\Windows\system32\srvcli.dll
0x73be0000 - 0x73bea000 	C:\Windows\system32\slc.dll
0x737a0000 - 0x737bc000 	C:\Windows\system32\IPHLPAPI.DLL
0x73970000 - 0x73977000 	C:\Windows\system32\WINNSI.DLL
0x73760000 - 0x73772000 	C:\Windows\system32\dhcpcsvc.DLL
0x73300000 - 0x7330d000 	C:\Windows\system32\dhcpcsvc6.DLL
0x5d9f0000 - 0x5da14000 	C:\Program Files\Java\jdk1.8.0_131\jre\bin\dcpr.dll
0x72300000 - 0x7230a000 	C:\Program Files\Java\jdk1.8.0_131\jre\bin\jsound.dll
0x72460000 - 0x72469000 	C:\Program Files\Java\jdk1.8.0_131\jre\bin\jsoundds.dll
0x5b190000 - 0x5b202000 	C:\Windows\system32\DSOUND.dll
0x74470000 - 0x74495000 	C:\Windows\system32\POWRPROF.dll
0x74430000 - 0x74469000 	C:\Windows\system32\MMDevAPI.DLL
0x74130000 - 0x74160000 	C:\Windows\system32\wdmaud.drv
0x74120000 - 0x74124000 	C:\Windows\system32\ksuser.dll
0x74230000 - 0x74237000 	C:\Windows\system32\AVRT.dll
0x739e0000 - 0x73a16000 	C:\Windows\system32\AUDIOSES.DLL
0x739d0000 - 0x739d8000 	C:\Windows\system32\msacm32.drv
0x73910000 - 0x73924000 	C:\Windows\system32\MSACM32.dll
0x741e0000 - 0x741e7000 	C:\Windows\system32\midimap.dll
0x58020000 - 0x5810e000 	C:\Program Files\Java\jdk1.8.0_131\jre\bin\msvcr120.dll
0x5b2a0000 - 0x5b311000 	C:\Program Files\Java\jdk1.8.0_131\jre\bin\msvcp120.dll
0x5d8f0000 - 0x5d90e000 	C:\Program Files\Java\jdk1.8.0_131\jre\bin\prism_d3d.dll
0x59900000 - 0x59ac3000 	C:\Windows\system32\d3d9.dll
0x60ec0000 - 0x60ec6000 	C:\Windows\system32\d3d8thk.dll
0x17fc0000 - 0x189b9000 	C:\Windows\system32\igdumdim32.dll
0x58a20000 - 0x58d95000 	C:\Windows\system32\igdusc32.dll
0x5b660000 - 0x5b693000 	C:\Program Files\Java\jdk1.8.0_131\jre\bin\glass.dll
0x75dc0000 - 0x75e3b000 	C:\Windows\system32\COMDLG32.dll
0x6da90000 - 0x6fc51000 	C:\Program Files\Java\jdk1.8.0_131\jre\bin\jfxwebkit.dll
0x5d8a0000 - 0x5d8c0000 	C:\Program Files\Java\jdk1.8.0_131\jre\bin\sunec.dll
0x5bb60000 - 0x5bb71000 	C:\Program Files\Java\jdk1.8.0_131\jre\bin\javafx_font.dll
0x5a7c0000 - 0x5a8f6000 	C:\Windows\system32\dwrite.dll
0x722f0000 - 0x722ff000 	C:\Program Files\Java\jdk1.8.0_131\jre\bin\prism_common.dll
0x72200000 - 0x72209000 	C:\Program Files\Java\jdk1.8.0_131\jre\bin\sunmscapi.dll
0x74b10000 - 0x74b15000 	C:\Windows\System32\wshtcpip.dll
0x74f20000 - 0x74f64000 	C:\Windows\system32\DNSAPI.dll
0x70090000 - 0x70096000 	C:\Windows\system32\rasadhlp.dll
0x73930000 - 0x73968000 	C:\Windows\System32\fwpuclnt.dll
0x5b0c0000 - 0x5b0e1000 	C:\Program Files\Java\jdk1.8.0_131\jre\bin\javafx_iio.dll
0x65dd0000 - 0x65ebb000 	C:\Windows\system32\dbghelp.dll

VM Arguments:
jvm_args: -Dfile.encoding=UTF-8 
java_command: C:\000000\JM\00_Generico\007_Generico_JM_Projeto_Web_Marketing_Massivo_FX\Generico_JM_007_Web_Marketing_Massivo_FX\dist\run1472062314\Generico_JM_007_Web_Marketing_Massivo_FX.jar
java_class_path (initial): C:\000000\JM\00_Generico\007_Generico_JM_Projeto_Web_Marketing_Massivo_FX\Generico_JM_007_Web_Marketing_Massivo_FX\dist\run1472062314\Generico_JM_007_Web_Marketing_Massivo_FX.jar
Launcher Type: SUN_STANDARD

Environment Variables:
PATH=C:\Program Files\Common Files\Oracle\Java\javapath;C:\ProgramData\Oracle\Java\javapath;C:\Program Files\NVIDIA Corporation\PhysX\Common;C:\Program Files\Intel\iCLS Client\;C:\Windows\system32;C:\Windows;C:\Windows\System32\Wbem;C:\Windows\System32\WindowsPowerShell\v1.0\;C:\Program Files\Intel\Intel(R) Management Engine Components\DAL;C:\Program Files\Intel\Intel(R) Management Engine Components\IPT;C:\Program Files\Microsoft SQL Server\110\Tools\Binn\;C:\Program Files\MySQL\MySQL Server 5.1\bin;C:\Program Files\Microsoft SQL Server\110\DTS\Binn\;C:\Program Files\Microsoft SQL Server\110\Tools\Binn\ManagementStudio\;C:\Program Files\Microsoft Visual Studio 10.0\Common7\IDE\PrivateAssemblies\;C:\Program Files\VMFX\OpenLibraries\lib\release\;C:\Program Files\VMFX\OpenLibraries\lib\debug\
USERNAME=NewUser
OS=Windows_NT
PROCESSOR_IDENTIFIER=x86 Family 6 Model 58 Stepping 9, GenuineIntel



---------------  S Y S T E M  ---------------

OS: Windows 7 Build 7601 (6.1.7601.23889)

CPU:total 2 (initial active 2) (2 cores per cpu, 1 threads per core) family 6 model 58 stepping 9, cmov, cx8, fxsr, mmx, sse, sse2, sse3, ssse3, sse4.1, sse4.2, popcnt, clmul, erms, tsc, tscinvbit, tscinv

Memory: 4k page, physical 3571160k(1270356k free), swap 7140604k(3758832k free)

vm_info: Java HotSpot(TM) Client VM (25.131-b11) for windows-x86 JRE (1.8.0_131-b11), built on Mar 15 2017 01:26:29 by "java_re" with MS VC++ 10.0 (VS2010)

time: Mon Apr 30 17:25:35 2018
elapsed time: 361 seconds (0d 0h 6m 1s)

