#
# A fatal error has been detected by the Java Runtime Environment:
#
#  EXCEPTION_ACCESS_VIOLATION (0xc0000005) at pc=0x00000000, pid=1812, tid=0x0000124c
#
# JRE version: Java(TM) SE Runtime Environment (8.0_131-b11) (build 1.8.0_131-b11)
# Java VM: Java HotSpot(TM) Client VM (25.131-b11 mixed mode windows-x86 )
# Problematic frame:
# C  0x00000000
#
# Failed to write core dump. Minidumps are not enabled by default on client versions of Windows
#
# If you would like to submit a bug report, please visit:
#   http://bugreport.java.com/bugreport/crash.jsp
# The crash happened outside the Java Virtual Machine in native code.
# See problematic frame for where to report the bug.
#

---------------  T H R E A D  ---------------

Current thread (0x14bc4000):  JavaThread "JavaFX Application Thread" [_thread_in_native, id=4684, stack(0x17660000,0x176b0000)]

siginfo: ExceptionCode=0xc0000005, ExceptionInformation=0x00000008 0x00000000

Registers:
EAX=0x00000000, EBX=0x217111c0, ECX=0x19561e20, EDX=0x23676b60
ESP=0x176ae960, EBP=0x176aea48, ESI=0x218ae670, EDI=0xfffffffb
EIP=0x00000000, EFLAGS=0x00010257

Top of Stack: (sp=0x176ae960)
0x176ae960:   176aea38 00000001 00000000 216ae6a8
0x176ae970:   176aea38 00000001 00000001 00000000
0x176ae980:   176aead8 176ae9a8 6e3fb523 176aea38
0x176ae990:   00000001 00000000 176aea38 1fa57980
0x176ae9a0:   176aea38 fffffffb 176aea28 6e4e02da
0x176ae9b0:   00000000 176aea38 0039d670 00000001
0x176ae9c0:   ffffffff 176ae9d4 176ae9f0 6e57dd19
0x176ae9d0:   176aeae8 fffffff1 1df2aff0 fffffffb 

Instructions: (pc=0x00000000)
0xffffffe0:   


Register to memory mapping:

EAX=0x00000000 is an unknown value
EBX=0x217111c0 is an unknown value
ECX=0x19561e20 is an unknown value
EDX=0x23676b60 is an unknown value
ESP=0x176ae960 is pointing into the stack for thread: 0x14bc4000
EBP=0x176aea48 is pointing into the stack for thread: 0x14bc4000
ESI=0x218ae670 is an unknown value
EDI=0xfffffffb is an unknown value


Stack: [0x17660000,0x176b0000],  sp=0x176ae960,  free space=314k
Java frames: (J=compiled Java code, j=interpreted, Vv=VM code)
J 1592  com.sun.webkit.Timer.twkFireTimerEvent()V (0 bytes) @ 0x01fead99 [0x01fead60+0x39]
J 1591 C1 com.sun.webkit.Timer.fireTimerEvent(J)V (65 bytes) @ 0x01fea61c [0x01fea3d0+0x24c]
J 1590 C1 com.sun.webkit.Timer.notifyTick()V (29 bytes) @ 0x01fea0f4 [0x01fe9fd0+0x124]
J 1589 C1 javafx.scene.web.WebEngine$PulseTimer$$Lambda$237.run()V (4 bytes) @ 0x01fe9dbc [0x01fe9d90+0x2c]
J 1533 C1 com.sun.javafx.application.PlatformImpl$$Lambda$59.run()Ljava/lang/Object; (8 bytes) @ 0x01fd8a78 [0x01fd8a50+0x28]
v  ~StubRoutines::call_stub
J 984  java.security.AccessController.doPrivileged(Ljava/security/PrivilegedAction;Ljava/security/AccessControlContext;)Ljava/lang/Object; (0 bytes) @ 0x01ef53c7 [0x01ef5360+0x67]
J 1530 C1 com.sun.javafx.application.PlatformImpl.lambda$runLater$174(Ljava/lang/Runnable;Ljava/security/AccessControlContext;)V (38 bytes) @ 0x01fd82d0 [0x01fd8270+0x60]
J 1529 C1 com.sun.javafx.application.PlatformImpl$$Lambda$58.run()V (12 bytes) @ 0x01fd806c [0x01fd8040+0x2c]
J 1472 C1 com.sun.glass.ui.InvokeLaterDispatcher$Future.run()V (91 bytes) @ 0x01fc40b0 [0x01fc4080+0x30]
v  ~StubRoutines::call_stub
j  com.sun.glass.ui.win.WinApplication._runLoop(Ljava/lang/Runnable;)V+0
j  com.sun.glass.ui.win.WinApplication.lambda$null$148(ILjava/lang/Runnable;)V+8
j  com.sun.glass.ui.win.WinApplication$$Lambda$48.run()V+12
j  java.lang.Thread.run()V+11
v  ~StubRoutines::call_stub

---------------  P R O C E S S  ---------------

Java Threads: ( => current thread )
  0x15908400 JavaThread "URL-Loader-58" daemon [_thread_in_native, id=3856, stack(0x1fdb0000,0x1fe00000)]
  0x15c1c400 JavaThread "URL-Loader-57" daemon [_thread_blocked, id=4628, stack(0x21d20000,0x21d70000)]
  0x15c1d400 JavaThread "URL-Loader-56" daemon [_thread_blocked, id=5280, stack(0x20cc0000,0x20d10000)]
  0x15c1d000 JavaThread "URL-Loader-55" daemon [_thread_blocked, id=5580, stack(0x1baf0000,0x1bb40000)]
  0x15c1c800 JavaThread "URL-Loader-54" daemon [_thread_blocked, id=4104, stack(0x21e00000,0x21e50000)]
  0x14bc5800 JavaThread "URL-Loader-53" daemon [_thread_blocked, id=2352, stack(0x21da0000,0x21df0000)]
  0x14bc7c00 JavaThread "URL-Loader-52" daemon [_thread_blocked, id=5452, stack(0x1ecd0000,0x1ed20000)]
  0x14bc8400 JavaThread "URL-Loader-51" daemon [_thread_blocked, id=1320, stack(0x20270000,0x202c0000)]
  0x14bc6c00 JavaThread "URL-Loader-50" daemon [_thread_blocked, id=4460, stack(0x1eab0000,0x1eb00000)]
  0x14bcb000 JavaThread "URL-Loader-49" daemon [_thread_blocked, id=4388, stack(0x20c70000,0x20cc0000)]
  0x14bc8c00 JavaThread "URL-Loader-48" daemon [_thread_blocked, id=4536, stack(0x20b80000,0x20bd0000)]
  0x14bca800 JavaThread "URL-Loader-47" daemon [_thread_blocked, id=6048, stack(0x1ec20000,0x1ec70000)]
  0x14bc4c00 JavaThread "URL-Loader-46" daemon [_thread_blocked, id=5924, stack(0x1ae20000,0x1ae70000)]
  0x14bc9000 JavaThread "URL-Loader-45" daemon [_thread_blocked, id=5676, stack(0x1ec80000,0x1ecd0000)]
  0x14bc9800 JavaThread "URL-Loader-44" daemon [_thread_blocked, id=6096, stack(0x1eba0000,0x1ebf0000)]
  0x14bc9c00 JavaThread "URL-Loader-43" daemon [_thread_blocked, id=5892, stack(0x1c600000,0x1c650000)]
  0x14bc7000 JavaThread "URL-Loader-42" daemon [_thread_blocked, id=296, stack(0x1eb10000,0x1eb60000)]
  0x14bca400 JavaThread "URL-Loader-41" daemon [_thread_blocked, id=5488, stack(0x1dcf0000,0x1dd40000)]
  0x14bc7800 JavaThread "URL-Loader-39" daemon [_thread_blocked, id=5012, stack(0x20c00000,0x20c50000)]
  0x14bc6400 JavaThread "URL-Loader-33" daemon [_thread_blocked, id=6028, stack(0x1fd60000,0x1fdb0000)]
  0x14bcb800 JavaThread "Keep-Alive-Timer" daemon [_thread_blocked, id=4284, stack(0x1dca0000,0x1dcf0000)]
  0x15c1bc00 JavaThread "Thread-12" daemon [_thread_in_native, id=2248, stack(0x1ed20000,0x1ed70000)]
  0x14bc6000 JavaThread "Prism Font Disposer" daemon [_thread_blocked, id=4228, stack(0x1ae70000,0x1aec0000)]
  0x14bc5000 JavaThread "Disposer" daemon [_thread_blocked, id=4648, stack(0x15630000,0x15680000)]
  0x14bc4400 JavaThread "Thread-10" daemon [_thread_in_native, id=2208, stack(0x19850000,0x198a0000)]
=>0x14bc4000 JavaThread "JavaFX Application Thread" [_thread_in_native, id=4684, stack(0x17660000,0x176b0000)]
  0x143e2800 JavaThread "Thread-8" daemon [_thread_blocked, id=4344, stack(0x16160000,0x161b0000)]
  0x14c92000 JavaThread "QuantumRenderer-0" daemon [_thread_blocked, id=1164, stack(0x174d0000,0x17520000)]
  0x14b4a000 JavaThread "TimerQueue" daemon [_thread_blocked, id=1152, stack(0x15320000,0x15370000)]
  0x0067d400 JavaThread "DestroyJavaVM" [_thread_blocked, id=6016, stack(0x00600000,0x00650000)]
  0x14abf800 JavaThread "AWT-EventQueue-0" [_thread_blocked, id=5184, stack(0x14740000,0x14790000)]
  0x14abdc00 JavaThread "AWT-Windows" daemon [_thread_in_native, id=2616, stack(0x148c0000,0x14910000)]
  0x14abd400 JavaThread "AWT-Shutdown" [_thread_blocked, id=728, stack(0x14dd0000,0x14e20000)]
  0x14aba000 JavaThread "Java2D Disposer" daemon [_thread_blocked, id=6088, stack(0x14e80000,0x14ed0000)]
  0x142dac00 JavaThread "Service Thread" daemon [_thread_blocked, id=880, stack(0x14910000,0x14960000)]
  0x142b3800 JavaThread "C1 CompilerThread0" daemon [_thread_blocked, id=2892, stack(0x146b0000,0x14700000)]
  0x142b2400 JavaThread "Attach Listener" daemon [_thread_blocked, id=4280, stack(0x14620000,0x14670000)]
  0x142af400 JavaThread "Signal Dispatcher" daemon [_thread_blocked, id=4364, stack(0x14790000,0x147e0000)]
  0x14299000 JavaThread "Finalizer" daemon [_thread_blocked, id=5132, stack(0x03d10000,0x03d60000)]
  0x14274400 JavaThread "Reference Handler" daemon [_thread_blocked, id=5920, stack(0x144a0000,0x144f0000)]

Other Threads:
  0x1426dc00 VMThread [stack: 0x03d90000,0x03de0000] [id=1280]
  0x142de000 WatcherThread [stack: 0x01020000,0x01070000] [id=3964]

VM state:not at safepoint (normal execution)

VM Mutex/Monitor currently owned by a thread: None

Heap:
 def new generation   total 18880K, used 3163K [0x03e00000, 0x05270000, 0x09350000)
  eden space 16832K,  18% used [0x03e00000, 0x04116fc0, 0x04e70000)
  from space 2048K,   0% used [0x04e70000, 0x04e70000, 0x05070000)
  to   space 2048K,   0% used [0x05070000, 0x05070000, 0x05270000)
 tenured generation   total 41748K, used 25048K [0x09350000, 0x0bc15000, 0x13e00000)
   the space 41748K,  59% used [0x09350000, 0x0abc6300, 0x0abc6400, 0x0bc15000)
 Metaspace       used 19430K, capacity 20178K, committed 20352K, reserved 20864K

Card table byte_map: [0x00f30000,0x00fc0000] byte_map_base: 0x00f11000

Polling page: 0x00260000

CodeCache: size=32768Kb used=2801Kb max_used=3791Kb free=29966Kb
 bounds [0x01cd0000, 0x02088000, 0x03cd0000]
 total_blobs=1943 nmethods=1459 adapters=414
 compilation: enabled

Compilation events (10 events):
Event: 176.118 Thread 0x142b3800 2534             java.util.TreeMap::getEntry (84 bytes)
Event: 176.118 Thread 0x142b3800 nmethod 2534 0x01e21c08 code [0x01e21d40, 0x01e21f24]
Event: 176.119 Thread 0x142b3800 2535             java.util.TreeMap$ValueIterator::next (8 bytes)
Event: 176.119 Thread 0x142b3800 nmethod 2535 0x01e219c8 code [0x01e21ad0, 0x01e21b6c]
Event: 176.120 Thread 0x142b3800 2536             sun.security.provider.SHA5::implCompress (331 bytes)
Event: 176.121 Thread 0x142b3800 nmethod 2536 0x01e91b08 code [0x01e91c30, 0x01e927dc]
Event: 176.365 Thread 0x142b3800 2537             java.util.Locale::getDefault (4 bytes)
Event: 176.365 Thread 0x142b3800 nmethod 2537 0x01e21808 code [0x01e21900, 0x01e21980]
Event: 176.617 Thread 0x142b3800 2538             java.util.WeakHashMap$HashIterator::<init> (41 bytes)
Event: 176.618 Thread 0x142b3800 nmethod 2538 0x01e21508 code [0x01e21610, 0x01e2171c]

GC Heap History (10 events):
Event: 95.780 GC heap before
{Heap before GC invocations=39 (full 2):
 def new generation   total 12992K, used 12992K [0x03e00000, 0x04c10000, 0x09350000)
  eden space 11584K, 100% used [0x03e00000, 0x04950000, 0x04950000)
  from space 1408K, 100% used [0x04950000, 0x04ab0000, 0x04ab0000)
  to   space 1408K,   0% used [0x04ab0000, 0x04ab0000, 0x04c10000)
 tenured generation   total 28704K, used 23882K [0x09350000, 0x0af58000, 0x13e00000)
   the space 28704K,  83% used [0x09350000, 0x0aaa2ac0, 0x0aaa2c00, 0x0af58000)
 Metaspace       used 19300K, capacity 20020K, committed 20096K, reserved 20864K
Event: 95.788 GC heap after
Heap after GC invocations=40 (full 2):
 def new generation   total 12992K, used 574K [0x03e00000, 0x04c10000, 0x09350000)
  eden space 11584K,   0% used [0x03e00000, 0x03e00000, 0x04950000)
  from space 1408K,  40% used [0x04ab0000, 0x04b3fa40, 0x04c10000)
  to   space 1408K,   0% used [0x04950000, 0x04950000, 0x04ab0000)
 tenured generation   total 28704K, used 25185K [0x09350000, 0x0af58000, 0x13e00000)
   the space 28704K,  87% used [0x09350000, 0x0abe8640, 0x0abe8800, 0x0af58000)
 Metaspace       used 19300K, capacity 20020K, committed 20096K, reserved 20864K
}
Event: 128.538 GC heap before
{Heap before GC invocations=40 (full 2):
 def new generation   total 12992K, used 12158K [0x03e00000, 0x04c10000, 0x09350000)
  eden space 11584K, 100% used [0x03e00000, 0x04950000, 0x04950000)
  from space 1408K,  40% used [0x04ab0000, 0x04b3fa40, 0x04c10000)
  to   space 1408K,   0% used [0x04950000, 0x04950000, 0x04ab0000)
 tenured generation   total 28704K, used 25185K [0x09350000, 0x0af58000, 0x13e00000)
   the space 28704K,  87% used [0x09350000, 0x0abe8640, 0x0abe8800, 0x0af58000)
 Metaspace       used 19371K, capacity 20104K, committed 20224K, reserved 20864K
Event: 128.542 GC heap after
Heap after GC invocations=41 (full 2):
 def new generation   total 12992K, used 883K [0x03e00000, 0x04c10000, 0x09350000)
  eden space 11584K,   0% used [0x03e00000, 0x03e00000, 0x04950000)
  from space 1408K,  62% used [0x04950000, 0x04a2cca8, 0x04ab0000)
  to   space 1408K,   0% used [0x04ab0000, 0x04ab0000, 0x04c10000)
 tenured generation   total 28704K, used 25185K [0x09350000, 0x0af58000, 0x13e00000)
   the space 28704K,  87% used [0x09350000, 0x0abe8640, 0x0abe8800, 0x0af58000)
 Metaspace       used 19371K, capacity 20104K, committed 20224K, reserved 20864K
}
Event: 161.509 GC heap before
{Heap before GC invocations=41 (full 2):
 def new generation   total 12992K, used 12467K [0x03e00000, 0x04c10000, 0x09350000)
  eden space 11584K, 100% used [0x03e00000, 0x04950000, 0x04950000)
  from space 1408K,  62% used [0x04950000, 0x04a2cca8, 0x04ab0000)
  to   space 1408K,   0% used [0x04ab0000, 0x04ab0000, 0x04c10000)
 tenured generation   total 28704K, used 25185K [0x09350000, 0x0af58000, 0x13e00000)
   the space 28704K,  87% used [0x09350000, 0x0abe8640, 0x0abe8800, 0x0af58000)
 Metaspace       used 19393K, capacity 20116K, committed 20224K, reserved 20864K
Event: 161.515 GC heap after
Heap after GC invocations=42 (full 2):
 def new generation   total 12992K, used 1055K [0x03e00000, 0x04c10000, 0x09350000)
  eden space 11584K,   0% used [0x03e00000, 0x03e00000, 0x04950000)
  from space 1408K,  74% used [0x04ab0000, 0x04bb7f88, 0x04c10000)
  to   space 1408K,   0% used [0x04950000, 0x04950000, 0x04ab0000)
 tenured generation   total 28704K, used 25405K [0x09350000, 0x0af58000, 0x13e00000)
   the space 28704K,  88% used [0x09350000, 0x0ac1f528, 0x0ac1f600, 0x0af58000)
 Metaspace       used 19393K, capacity 20116K, committed 20224K, reserved 20864K
}
Event: 171.825 GC heap before
{Heap before GC invocations=42 (full 2):
 def new generation   total 12992K, used 11873K [0x03e00000, 0x04c10000, 0x09350000)
  eden space 11584K,  93% used [0x03e00000, 0x04890670, 0x04950000)
  from space 1408K,  74% used [0x04ab0000, 0x04bb7f88, 0x04c10000)
  to   space 1408K,   0% used [0x04950000, 0x04950000, 0x04ab0000)
 tenured generation   total 28704K, used 25405K [0x09350000, 0x0af58000, 0x13e00000)
   the space 28704K,  88% used [0x09350000, 0x0ac1f528, 0x0ac1f600, 0x0af58000)
 Metaspace       used 19466K, capacity 20228K, committed 20352K, reserved 20864K
Event: 171.831 GC heap after
Heap after GC invocations=43 (full 2):
 def new generation   total 12992K, used 1408K [0x03e00000, 0x04c10000, 0x09350000)
  eden space 11584K,   0% used [0x03e00000, 0x03e00000, 0x04950000)
  from space 1408K, 100% used [0x04950000, 0x04ab0000, 0x04ab0000)
  to   space 1408K,   0% used [0x04ab0000, 0x04ab0000, 0x04c10000)
 tenured generation   total 28704K, used 26291K [0x09350000, 0x0af58000, 0x13e00000)
   the space 28704K,  91% used [0x09350000, 0x0acfcc38, 0x0acfce00, 0x0af58000)
 Metaspace       used 19466K, capacity 20228K, committed 20352K, reserved 20864K
}
Event: 172.884 GC heap before
{Heap before GC invocations=43 (full 2):
 def new generation   total 12992K, used 12985K [0x03e00000, 0x04c10000, 0x09350000)
  eden space 11584K,  99% used [0x03e00000, 0x0494e738, 0x04950000)
  from space 1408K, 100% used [0x04950000, 0x04ab0000, 0x04ab0000)
  to   space 1408K,   0% used [0x04ab0000, 0x04ab0000, 0x04c10000)
 tenured generation   total 28704K, used 26291K [0x09350000, 0x0af58000, 0x13e00000)
   the space 28704K,  91% used [0x09350000, 0x0acfcc38, 0x0acfce00, 0x0af58000)
 Metaspace       used 19466K, capacity 20228K, committed 20352K, reserved 20864K
Event: 172.939 GC heap after
Heap after GC invocations=44 (full 3):
 def new generation   total 18880K, used 0K [0x03e00000, 0x05270000, 0x09350000)
  eden space 16832K,   0% used [0x03e00000, 0x03e00000, 0x04e70000)
  from space 2048K,   0% used [0x04e70000, 0x04e70000, 0x05070000)
  to   space 2048K,   0% used [0x05070000, 0x05070000, 0x05270000)
 tenured generation   total 41748K, used 25048K [0x09350000, 0x0bc15000, 0x13e00000)
   the space 41748K,  59% used [0x09350000, 0x0abc6300, 0x0abc6400, 0x0bc15000)
 Metaspace       used 19427K, capacity 20175K, committed 20352K, reserved 20864K
}

Deoptimization events (0 events):
No events

Internal exceptions (10 events):
Event: 33.703 Thread 0x14bc4000 Exception <a 'java/lang/ClassNotFoundException': sun/net/www/protocol/about/Handler> (0x0486d618) thrown at [C:\re\workspace\8-2-build-windows-i586-cygwin\jdk8u131\8869\hotspot\src\share\vm\classfile\systemDictionary.cpp, line 210]
Event: 33.706 Thread 0x14bc4000 Exception <a 'java/lang/ClassNotFoundException': sun/net/www/protocol/about/Handler> (0x04871e60) thrown at [C:\re\workspace\8-2-build-windows-i586-cygwin\jdk8u131\8869\hotspot\src\share\vm\classfile\systemDictionary.cpp, line 210]
Event: 116.360 Thread 0x14bcb000 Exception <a 'java/net/UnknownHostException': facebook.com> (0x040f8080) thrown at [C:\re\workspace\8-2-build-windows-i586-cygwin\jdk8u131\8869\hotspot\src\share\vm\prims\jni.cpp, line 735]
Event: 146.577 Thread 0x14bcb800 Exception <a 'java/net/UnknownHostException': m.facebook.com> (0x03f1b818) thrown at [C:\re\workspace\8-2-build-windows-i586-cygwin\jdk8u131\8869\hotspot\src\share\vm\prims\jni.cpp, line 735]
Event: 158.777 Thread 0x14bc4000 Exception <a 'java/lang/ClassNotFoundException': sun/net/www/protocol/about/Handler> (0x0456fd20) thrown at [C:\re\workspace\8-2-build-windows-i586-cygwin\jdk8u131\8869\hotspot\src\share\vm\classfile\systemDictionary.cpp, line 210]
Event: 158.778 Thread 0x14bc4000 Exception <a 'java/lang/ClassNotFoundException': sun/net/www/protocol/about/Handler> (0x04573bb8) thrown at [C:\re\workspace\8-2-build-windows-i586-cygwin\jdk8u131\8869\hotspot\src\share\vm\classfile\systemDictionary.cpp, line 210]
Event: 160.159 Thread 0x14bc4000 Exception <a 'java/lang/ClassNotFoundException': sun/net/www/protocol/about/Handler> (0x04837598) thrown at [C:\re\workspace\8-2-build-windows-i586-cygwin\jdk8u131\8869\hotspot\src\share\vm\classfile\systemDictionary.cpp, line 210]
Event: 160.162 Thread 0x14bc4000 Exception <a 'java/lang/ClassNotFoundException': sun/net/www/protocol/about/Handler> (0x0483ce58) thrown at [C:\re\workspace\8-2-build-windows-i586-cygwin\jdk8u131\8869\hotspot\src\share\vm\classfile\systemDictionary.cpp, line 210]
Event: 171.793 Thread 0x15908800 Implicit null exception at 0x01e2207c to 0x01e22097
Event: 171.793 Thread 0x15908800 Exception <a 'java/lang/NullPointerException'> (0x0482f478) thrown at [C:\re\workspace\8-2-build-windows-i586-cygwin\jdk8u131\8869\hotspot\src\share\vm\runtime\sharedRuntime.cpp, line 605]

Events (10 events):
Event: 176.186 Executing VM operation: RevokeBias
Event: 176.186 Executing VM operation: RevokeBias done
Event: 176.186 Thread 0x15908800 Thread exited: 0x15908800
Event: 176.365 Thread 0x142b3800 flushing nmethod 0x01e20e08
Event: 176.365 Thread 0x142b3800 flushing nmethod 0x01e213c8
Event: 176.618 Thread 0x142b3800 flushing nmethod 0x01f23788
Event: 176.618 Thread 0x142b3800 flushing nmethod 0x01f61c88
Event: 176.618 Thread 0x142b3800 flushing nmethod 0x01f62048
Event: 176.618 Thread 0x142b3800 flushing nmethod 0x01f625c8
Event: 176.618 Thread 0x142b3800 flushing nmethod 0x01f62a48


Dynamic libraries:
0x01090000 - 0x010c3000 	C:\Program Files\Java\jdk1.8.0_131\jre\bin\java.exe
0x77790000 - 0x778d2000 	C:\Windows\SYSTEM32\ntdll.dll
0x75bd0000 - 0x75ca5000 	C:\Windows\system32\kernel32.dll
0x75880000 - 0x758cb000 	C:\Windows\system32\KERNELBASE.dll
0x76360000 - 0x76401000 	C:\Windows\system32\ADVAPI32.dll
0x759d0000 - 0x75a7c000 	C:\Windows\system32\msvcrt.dll
0x779c0000 - 0x779d9000 	C:\Windows\SYSTEM32\sechost.dll
0x75d10000 - 0x75db2000 	C:\Windows\system32\RPCRT4.dll
0x76290000 - 0x76359000 	C:\Windows\system32\USER32.dll
0x77740000 - 0x7778e000 	C:\Windows\system32\GDI32.dll
0x778f0000 - 0x778fa000 	C:\Windows\system32\LPK.dll
0x75b30000 - 0x75bcd000 	C:\Windows\system32\USP10.dll
0x74520000 - 0x746be000 	C:\Windows\WinSxS\x86_microsoft.windows.common-controls_6595b64144ccf1df_6.0.7601.18837_none_41e855142bd5705d\COMCTL32.dll
0x77960000 - 0x779b7000 	C:\Windows\system32\SHLWAPI.dll
0x75b10000 - 0x75b2f000 	C:\Windows\system32\IMM32.DLL
0x774c0000 - 0x7758d000 	C:\Windows\system32\MSCTF.dll
0x58210000 - 0x582cf000 	C:\Program Files\Java\jdk1.8.0_131\jre\bin\msvcr100.dll
0x54180000 - 0x5454e000 	C:\Program Files\Java\jdk1.8.0_131\jre\bin\client\jvm.dll
0x62f30000 - 0x62f37000 	C:\Windows\system32\WSOCK32.dll
0x75cd0000 - 0x75d05000 	C:\Windows\system32\WS2_32.dll
0x778e0000 - 0x778e6000 	C:\Windows\system32\NSI.dll
0x73a90000 - 0x73ac2000 	C:\Windows\system32\WINMM.dll
0x74c20000 - 0x74c29000 	C:\Windows\system32\VERSION.dll
0x75cb0000 - 0x75cb5000 	C:\Windows\system32\PSAPI.DLL
0x741f0000 - 0x741fc000 	C:\Program Files\Java\jdk1.8.0_131\jre\bin\verify.dll
0x72230000 - 0x72251000 	C:\Program Files\Java\jdk1.8.0_131\jre\bin\java.dll
0x72210000 - 0x72223000 	C:\Program Files\Java\jdk1.8.0_131\jre\bin\zip.dll
0x76410000 - 0x7705c000 	C:\Windows\system32\SHELL32.dll
0x775e0000 - 0x7773d000 	C:\Windows\system32\ole32.dll
0x756a0000 - 0x756ab000 	C:\Windows\system32\profapi.dll
0x54030000 - 0x54175000 	C:\Program Files\Java\jdk1.8.0_131\jre\bin\awt.dll
0x77060000 - 0x770f1000 	C:\Windows\system32\OLEAUT32.dll
0x740c0000 - 0x74100000 	C:\Windows\system32\uxtheme.dll
0x73a50000 - 0x73a63000 	C:\Windows\system32\dwmapi.dll
0x755c0000 - 0x755cc000 	C:\Windows\system32\CRYPTBASE.dll
0x5da20000 - 0x5da59000 	C:\Program Files\Java\jdk1.8.0_131\jre\bin\fontmanager.dll
0x5be20000 - 0x5bee8000 	C:\Windows\system32\opengl32.dll
0x71880000 - 0x718a2000 	C:\Windows\system32\GLU32.dll
0x5d480000 - 0x5d567000 	C:\Windows\system32\DDRAW.dll
0x71820000 - 0x71826000 	C:\Windows\system32\DCIMAN32.dll
0x75e40000 - 0x75fdd000 	C:\Windows\system32\SETUPAPI.dll
0x75810000 - 0x75837000 	C:\Windows\system32\CFGMGR32.dll
0x759b0000 - 0x759c2000 	C:\Windows\system32\DEVOBJ.dll
0x72280000 - 0x72296000 	C:\Program Files\Java\jdk1.8.0_131\jre\bin\net.dll
0x75060000 - 0x7509c000 	C:\Windows\system32\mswsock.dll
0x75050000 - 0x75056000 	C:\Windows\System32\wship6.dll
0x74200000 - 0x7420f000 	C:\Program Files\Java\jdk1.8.0_131\jre\bin\nio.dll
0x60c80000 - 0x60cb2000 	C:\Program Files\Java\jdk1.8.0_131\jre\bin\t2k.dll
0x75a80000 - 0x75b03000 	C:\Windows\system32\CLBCatQ.DLL
0x737d0000 - 0x73901000 	C:\Windows\system32\WindowsCodecs.dll
0x75540000 - 0x7558c000 	C:\Windows\system32\apphelp.dll
0x64830000 - 0x648bf000 	C:\Program Files\Google\Drive\googledrivesync32.dll
0x647a0000 - 0x6482e000 	C:\Windows\WinSxS\x86_microsoft.vc90.crt_1fc8b3b9a1e18e3b_9.0.30729.6161_none_50934f2ebcb7eb57\MSVCP90.dll
0x70390000 - 0x70433000 	C:\Windows\WinSxS\x86_microsoft.vc90.crt_1fc8b3b9a1e18e3b_9.0.30729.6161_none_50934f2ebcb7eb57\MSVCR90.dll
0x64760000 - 0x64791000 	C:\Windows\system32\EhStorShell.dll
0x74330000 - 0x74425000 	C:\Windows\system32\PROPSYS.dll
0x661c0000 - 0x663dd000 	C:\PROGRA~1\MICROS~2\Office12\GR469A~1.DLL
0x68ef0000 - 0x68fe1000 	C:\PROGRA~1\MICROS~2\Office12\GrooveUtil.DLL
0x75fe0000 - 0x7628b000 	C:\Windows\system32\WININET.dll
0x75840000 - 0x75844000 	C:\Windows\system32\api-ms-win-downlevel-user32-l1-1-0.dll
0x759a0000 - 0x759a4000 	C:\Windows\system32\api-ms-win-downlevel-shlwapi-l1-1-0.dll
0x75800000 - 0x75804000 	C:\Windows\system32\api-ms-win-downlevel-version-l1-1-0.dll
0x758d0000 - 0x758d3000 	C:\Windows\system32\api-ms-win-downlevel-normaliz-l1-1-0.dll
0x75cc0000 - 0x75cc3000 	C:\Windows\system32\normaliz.DLL
0x77130000 - 0x77365000 	C:\Windows\system32\iertutil.dll
0x75900000 - 0x75905000 	C:\Windows\system32\api-ms-win-downlevel-advapi32-l1-1-0.dll
0x758e0000 - 0x758f7000 	C:\Windows\system32\USERENV.dll
0x756d0000 - 0x757f1000 	C:\Windows\system32\CRYPT32.dll
0x756b0000 - 0x756bc000 	C:\Windows\system32\MSASN1.dll
0x72a80000 - 0x72b1b000 	C:\Windows\WinSxS\x86_microsoft.vc80.crt_1fc8b3b9a1e18e3b_8.0.50727.6229_none_d089f796442de10e\MSVCR80.dll
0x68ff0000 - 0x68ff7000 	C:\PROGRA~1\MICROS~2\Office12\GrooveNew.DLL
0x64740000 - 0x6475b000 	C:\Windows\WinSxS\x86_microsoft.vc80.atl_1fc8b3b9a1e18e3b_8.0.50727.6229_none_d1c3b2e2435ad752\ATL80.DLL
0x750a0000 - 0x750b7000 	C:\Windows\system32\CRYPTSP.dll
0x74e30000 - 0x74e6b000 	C:\Windows\system32\rsaenh.dll
0x72bf0000 - 0x72bf5000 	C:\Windows\system32\MSImg32.dll
0x64680000 - 0x646ea000 	C:\Windows\System32\cscui.dll
0x64670000 - 0x64679000 	C:\Windows\System32\CSCDLL.dll
0x03d80000 - 0x03d8b000 	C:\Windows\system32\CSCAPI.dll
0x64600000 - 0x64670000 	C:\Windows\system32\ntshrui.dll
0x75360000 - 0x75379000 	C:\Windows\system32\srvcli.dll
0x73be0000 - 0x73bea000 	C:\Windows\system32\slc.dll
0x737a0000 - 0x737bc000 	C:\Windows\system32\IPHLPAPI.DLL
0x73970000 - 0x73977000 	C:\Windows\system32\WINNSI.DLL
0x73760000 - 0x73772000 	C:\Windows\system32\dhcpcsvc.DLL
0x73300000 - 0x7330d000 	C:\Windows\system32\dhcpcsvc6.DLL
0x5d9f0000 - 0x5da14000 	C:\Program Files\Java\jdk1.8.0_131\jre\bin\dcpr.dll
0x52fa0000 - 0x5308e000 	C:\Program Files\Java\jdk1.8.0_131\jre\bin\msvcr120.dll
0x5b190000 - 0x5b201000 	C:\Program Files\Java\jdk1.8.0_131\jre\bin\msvcp120.dll
0x722f0000 - 0x7230e000 	C:\Program Files\Java\jdk1.8.0_131\jre\bin\prism_d3d.dll
0x59900000 - 0x59ac3000 	C:\Windows\system32\d3d9.dll
0x60ec0000 - 0x60ec6000 	C:\Windows\system32\d3d8thk.dll
0x176e0000 - 0x180d9000 	C:\Windows\system32\igdumdim32.dll
0x58a20000 - 0x58d95000 	C:\Windows\system32\igdusc32.dll
0x5b2e0000 - 0x5b313000 	C:\Program Files\Java\jdk1.8.0_131\jre\bin\glass.dll
0x75dc0000 - 0x75e3b000 	C:\Windows\system32\COMDLG32.dll
0x6d990000 - 0x6fb51000 	C:\Program Files\Java\jdk1.8.0_131\jre\bin\jfxwebkit.dll
0x60c60000 - 0x60c80000 	C:\Program Files\Java\jdk1.8.0_131\jre\bin\sunec.dll
0x5d8f0000 - 0x5d901000 	C:\Program Files\Java\jdk1.8.0_131\jre\bin\javafx_font.dll
0x5a7c0000 - 0x5a8f6000 	C:\Windows\system32\dwrite.dll
0x72200000 - 0x7220f000 	C:\Program Files\Java\jdk1.8.0_131\jre\bin\prism_common.dll
0x72460000 - 0x72469000 	C:\Program Files\Java\jdk1.8.0_131\jre\bin\sunmscapi.dll
0x74b10000 - 0x74b15000 	C:\Windows\System32\wshtcpip.dll
0x74f20000 - 0x74f64000 	C:\Windows\system32\DNSAPI.dll
0x70090000 - 0x70096000 	C:\Windows\system32\rasadhlp.dll
0x73930000 - 0x73968000 	C:\Windows\System32\fwpuclnt.dll
0x5bb50000 - 0x5bb71000 	C:\Program Files\Java\jdk1.8.0_131\jre\bin\javafx_iio.dll
0x65dd0000 - 0x65ebb000 	C:\Windows\system32\dbghelp.dll

VM Arguments:
jvm_args: -Dfile.encoding=UTF-8 
java_command: C:\000000\JM\00_Generico\007_Generico_JM_Projeto_Brouser JavaFX\Generico_JM_007_Brouser JavaFX\dist\run93063683\Generico_JM_007_Brouser_JavaFX.jar
java_class_path (initial): C:\000000\JM\00_Generico\007_Generico_JM_Projeto_Brouser JavaFX\Generico_JM_007_Brouser JavaFX\dist\run93063683\Generico_JM_007_Brouser_JavaFX.jar
Launcher Type: SUN_STANDARD

Environment Variables:
PATH=C:\Program Files\Common Files\Oracle\Java\javapath;C:\ProgramData\Oracle\Java\javapath;C:\Program Files\NVIDIA Corporation\PhysX\Common;C:\Program Files\Intel\iCLS Client\;C:\Windows\system32;C:\Windows;C:\Windows\System32\Wbem;C:\Windows\System32\WindowsPowerShell\v1.0\;C:\Program Files\Intel\Intel(R) Management Engine Components\DAL;C:\Program Files\Intel\Intel(R) Management Engine Components\IPT;C:\Program Files\Microsoft SQL Server\110\Tools\Binn\;C:\Program Files\MySQL\MySQL Server 5.1\bin;C:\Program Files\Microsoft SQL Server\110\DTS\Binn\;C:\Program Files\Microsoft SQL Server\110\Tools\Binn\ManagementStudio\;C:\Program Files\Microsoft Visual Studio 10.0\Common7\IDE\PrivateAssemblies\;C:\Program Files\VMFX\OpenLibraries\lib\release\;C:\Program Files\VMFX\OpenLibraries\lib\debug\
USERNAME=NewUser
OS=Windows_NT
PROCESSOR_IDENTIFIER=x86 Family 6 Model 58 Stepping 9, GenuineIntel



---------------  S Y S T E M  ---------------

OS: Windows 7 Build 7601 (6.1.7601.23889)

CPU:total 2 (initial active 2) (2 cores per cpu, 1 threads per core) family 6 model 58 stepping 9, cmov, cx8, fxsr, mmx, sse, sse2, sse3, ssse3, sse4.1, sse4.2, popcnt, clmul, erms, tsc, tscinvbit, tscinv

Memory: 4k page, physical 3571160k(1186292k free), swap 7140604k(3696516k free)

vm_info: Java HotSpot(TM) Client VM (25.131-b11) for windows-x86 JRE (1.8.0_131-b11), built on Mar 15 2017 01:26:29 by "java_re" with MS VC++ 10.0 (VS2010)

time: Mon Apr 30 18:16:56 2018
elapsed time: 176 seconds (0d 0h 2m 56s)

